0 info it worked if it ends with ok
1 verbose cli [ '/usr/bin/nodejs', '/usr/bin/npm', 'run', 'server' ]
2 info using npm@3.10.10
3 info using node@v6.11.2
4 verbose run-script [ 'preserver', 'server', 'postserver' ]
5 info lifecycle todo-app@0.0.1~preserver: todo-app@0.0.1
6 silly lifecycle todo-app@0.0.1~preserver: no script for preserver, continuing
7 info lifecycle todo-app@0.0.1~server: todo-app@0.0.1
8 verbose lifecycle todo-app@0.0.1~server: unsafe-perm in lifecycle true
9 verbose lifecycle todo-app@0.0.1~server: PATH: /usr/lib/node_modules/npm/bin/node-gyp-bin:/home/loki/Projects/todo/node_modules/.bin:/usr/local/sbin:/usr/local/bin:/usr/sbin:/usr/bin:/sbin:/bin:/usr/games:/usr/local/games:/usr/lib/jvm/java-8-oracle/bin:/usr/lib/jvm/java-8-oracle/db/bin:/usr/lib/jvm/java-8-oracle/jre/bin
10 verbose lifecycle todo-app@0.0.1~server: CWD: /home/loki/Projects/todo
11 silly lifecycle todo-app@0.0.1~server: Args: [ '-c', 'babel-node --presets es2015 server/app.js' ]
12 silly lifecycle todo-app@0.0.1~server: Returned: code: 1  signal: null
13 info lifecycle todo-app@0.0.1~server: Failed to exec server script
14 verbose stack Error: todo-app@0.0.1 server: `babel-node --presets es2015 server/app.js`
14 verbose stack Exit status 1
14 verbose stack     at EventEmitter.<anonymous> (/usr/lib/node_modules/npm/lib/utils/lifecycle.js:255:16)
14 verbose stack     at emitTwo (events.js:106:13)
14 verbose stack     at EventEmitter.emit (events.js:191:7)
14 verbose stack     at ChildProcess.<anonymous> (/usr/lib/node_modules/npm/lib/utils/spawn.js:40:14)
14 verbose stack     at emitTwo (events.js:106:13)
14 verbose stack     at ChildProcess.emit (events.js:191:7)
14 verbose stack     at maybeClose (internal/child_process.js:891:16)
14 verbose stack     at Process.ChildProcess._handle.onexit (internal/child_process.js:226:5)
15 verbose pkgid todo-app@0.0.1
16 verbose cwd /home/loki/Projects/todo
17 error Linux 3.19.0-32-generic
18 error argv "/usr/bin/nodejs" "/usr/bin/npm" "run" "server"
19 error node v6.11.2
20 error npm  v3.10.10
21 error code ELIFECYCLE
22 error todo-app@0.0.1 server: `babel-node --presets es2015 server/app.js`
22 error Exit status 1
23 error Failed at the todo-app@0.0.1 server script 'babel-node --presets es2015 server/app.js'.
23 error Make sure you have the latest version of node.js and npm installed.
23 error If you do, this is most likely a problem with the todo-app package,
23 error not with npm itself.
23 error Tell the author that this fails on your system:
23 error     babel-node --presets es2015 server/app.js
23 error You can get information on how to open an issue for this project with:
23 error     npm bugs todo-app
23 error Or if that isn't available, you can get their info via:
23 error     npm owner ls todo-app
23 error There is likely additional logging output above.
24 verbose exit [ 1, true ]
